Using pre-set license
Built from '2022.3/staging' branch; Version is '2022.3.29f1 (8d510ca76d2b) revision 9261324'; Using compiler version '192829333'; Build Type 'Release'
OS: 'Windows 10  (10.0.19045) 64bit Core' Language: 'es' Physical Memory: 12247 MB
BatchMode: 1, IsHumanControllingUs: 0, StartBugReporterOnCrash: 0, Is64bit: 1, IsPro: 1

COMMAND LINE ARGUMENTS:
C:\Program Files\Unity\Hub\Editor\2022.3.29f1\Editor\Unity.exe
-adb2
-batchMode
-noUpm
-name
AssetImportWorker1
-projectPath
E:/Proyecto_Electiva/Kingdoom/Kingdoom_Proyecto
-logFile
Logs/AssetImportWorker1.log
-srvPort
50236
Successfully changed project path to: E:/Proyecto_Electiva/Kingdoom/Kingdoom_Proyecto
E:/Proyecto_Electiva/Kingdoom/Kingdoom_Proyecto
[UnityMemory] Configuration Parameters - Can be set up in boot.config
    "memorysetup-bucket-allocator-granularity=16"
    "memorysetup-bucket-allocator-bucket-count=8"
    "memorysetup-bucket-allocator-block-size=33554432"
    "memorysetup-bucket-allocator-block-count=8"
    "memorysetup-main-allocator-block-size=16777216"
    "memorysetup-thread-allocator-block-size=16777216"
    "memorysetup-gfx-main-allocator-block-size=16777216"
    "memorysetup-gfx-thread-allocator-block-size=16777216"
    "memorysetup-cache-allocator-block-size=4194304"
    "memorysetup-typetree-allocator-block-size=2097152"
    "memorysetup-profiler-bucket-allocator-granularity=16"
    "memorysetup-profiler-bucket-allocator-bucket-count=8"
    "memorysetup-profiler-bucket-allocator-block-size=33554432"
    "memorysetup-profiler-bucket-allocator-block-count=8"
    "memorysetup-profiler-allocator-block-size=16777216"
    "memorysetup-profiler-editor-allocator-block-size=1048576"
    "memorysetup-temp-allocator-size-main=16777216"
    "memorysetup-job-temp-allocator-block-size=2097152"
    "memorysetup-job-temp-allocator-block-size-background=1048576"
    "memorysetup-job-temp-allocator-reduction-small-platforms=262144"
    "memorysetup-allocator-temp-initial-block-size-main=262144"
    "memorysetup-allocator-temp-initial-block-size-worker=262144"
    "memorysetup-temp-allocator-size-background-worker=32768"
    "memorysetup-temp-allocator-size-job-worker=262144"
    "memorysetup-temp-allocator-size-preload-manager=33554432"
    "memorysetup-temp-allocator-size-nav-mesh-worker=65536"
    "memorysetup-temp-allocator-size-audio-worker=65536"
    "memorysetup-temp-allocator-size-cloud-worker=32768"
    "memorysetup-temp-allocator-size-gi-baking-worker=262144"
    "memorysetup-temp-allocator-size-gfx=262144"
Player connection [14960] Host "[IP] 192.168.56.1 [Port] 0 [Flags] 2 [Guid] 2028040084 [EditorId] 2028040084 [Version] 1048832 [Id] WindowsEditor(7,Laptop-Luigi) [Debug] 1 [PackageName] WindowsEditor [ProjectName] Editor" joined multi-casting on [225.0.0.222:54997]...

Player connection [14960] Host "[IP] 192.168.56.1 [Port] 0 [Flags] 2 [Guid] 2028040084 [EditorId] 2028040084 [Version] 1048832 [Id] WindowsEditor(7,Laptop-Luigi) [Debug] 1 [PackageName] WindowsEditor [ProjectName] Editor" joined alternative multi-casting on [225.0.0.222:34997]...

[Physics::Module] Initialized MultithreadedJobDispatcher with 7 workers.
Refreshing native plugins compatible for Editor in 24.37 ms, found 4 plugins.
Preloading 0 native plugins for Editor in 0.00 ms.
Initialize engine version: 2022.3.29f1 (8d510ca76d2b)
[Subsystems] Discovering subsystems at path C:/Program Files/Unity/Hub/Editor/2022.3.29f1/Editor/Data/Resources/UnitySubsystems
[Subsystems] Discovering subsystems at path E:/Proyecto_Electiva/Kingdoom/Kingdoom_Proyecto/Assets
GfxDevice: creating device client; threaded=0; jobified=0
Direct3D:
    Version:  Direct3D 11.0 [level 11.0]
    Renderer: NVIDIA GeForce GTX 660M (ID=0xfd4)
    Vendor:   NVIDIA
    VRAM:     2007 MB
    Driver:   25.21.14.2531
Initialize mono
Mono path[0] = 'C:/Program Files/Unity/Hub/Editor/2022.3.29f1/Editor/Data/Managed'
Mono path[1] = 'C:/Program Files/Unity/Hub/Editor/2022.3.29f1/Editor/Data/MonoBleedingEdge/lib/mono/unityjit-win32'
Mono config path = 'C:/Program Files/Unity/Hub/Editor/2022.3.29f1/Editor/Data/MonoBleedingEdge/etc'
Using monoOptions --debugger-agent=transport=dt_socket,embedding=1,server=y,suspend=n,address=127.0.0.1:56956
Begin MonoManager ReloadAssembly
Registering precompiled unity dll's ...
Register platform support module: C:/Program Files/Unity/Hub/Editor/2022.3.29f1/Editor/Data/PlaybackEngines/WindowsStandaloneSupport/UnityEditor.WindowsStandalone.Extensions.dll
Registered in 0.020513 seconds.
- Loaded All Assemblies, in  0.916 seconds
Native extension for WindowsStandalone target not found
Mono: successfully reloaded assembly
- Finished resetting the current domain, in  0.870 seconds
Domain Reload Profiling: 1780ms
	BeginReloadAssembly (291ms)
		ExecutionOrderSort (0ms)
		DisableScriptedObjects (0ms)
		BackupInstance (0ms)
		ReleaseScriptingObjects (0ms)
		CreateAndSetChildDomain (2ms)
	RebuildCommonClasses (80ms)
	RebuildNativeTypeToScriptingClass (24ms)
	initialDomainReloadingComplete (149ms)
	LoadAllAssembliesAndSetupDomain (365ms)
		LoadAssemblies (284ms)
		RebuildTransferFunctionScriptingTraits (0ms)
		AnalyzeDomain (360ms)
			TypeCache.Refresh (357ms)
				TypeCache.ScanAssembly (330ms)
			ScanForSourceGeneratedMonoScriptInfo (1ms)
			ResolveRequiredComponents (1ms)
	FinalizeReload (871ms)
		ReleaseScriptCaches (0ms)
		RebuildScriptCaches (0ms)
		SetupLoadedEditorAssemblies (675ms)
			LogAssemblyErrors (0ms)
			InitializePlatformSupportModulesInManaged (28ms)
			SetLoadedEditorAssemblies (21ms)
			RefreshPlugins (0ms)
			BeforeProcessingInitializeOnLoad (6ms)
			ProcessInitializeOnLoadAttributes (463ms)
			ProcessInitializeOnLoadMethodAttributes (156ms)
			AfterProcessingInitializeOnLoad (0ms)
			EditorAssembliesLoaded (0ms)
		ExecutionOrderSort2 (0ms)
		AwakeInstancesAfterBackupRestoration (0ms)
========================================================================
Worker process is ready to serve import requests
Begin MonoManager ReloadAssembly
- Loaded All Assemblies, in  1.309 seconds
Refreshing native plugins compatible for Editor in 5.64 ms, found 4 plugins.
Native extension for WindowsStandalone target not found
Package Manager log level set to [2]
[Package Manager] Server::EnsureServerProcessIsRunning -- launch failed, reason: Unity was launched with the -noUpm command-line argument
[Package Manager] UpmClient::Send -- Unable to send message (not connected to UPM process).
[Package Manager] Cannot connect to Unity Package Manager local server
Mono: successfully reloaded assembly
- Finished resetting the current domain, in  2.006 seconds
Domain Reload Profiling: 3310ms
	BeginReloadAssembly (290ms)
		ExecutionOrderSort (0ms)
		DisableScriptedObjects (18ms)
		BackupInstance (0ms)
		ReleaseScriptingObjects (0ms)
		CreateAndSetChildDomain (33ms)
	RebuildCommonClasses (61ms)
	RebuildNativeTypeToScriptingClass (19ms)
	initialDomainReloadingComplete (93ms)
	LoadAllAssembliesAndSetupDomain (841ms)
		LoadAssemblies (586ms)
		RebuildTransferFunctionScriptingTraits (0ms)
		AnalyzeDomain (428ms)
			TypeCache.Refresh (360ms)
				TypeCache.ScanAssembly (330ms)
			ScanForSourceGeneratedMonoScriptInfo (52ms)
			ResolveRequiredComponents (14ms)
	FinalizeReload (2007ms)
		ReleaseScriptCaches (0ms)
		RebuildScriptCaches (0ms)
		SetupLoadedEditorAssemblies (1593ms)
			LogAssemblyErrors (0ms)
			InitializePlatformSupportModulesInManaged (15ms)
			SetLoadedEditorAssemblies (8ms)
			RefreshPlugins (0ms)
			BeforeProcessingInitializeOnLoad (169ms)
			ProcessInitializeOnLoadAttributes (1302ms)
			ProcessInitializeOnLoadMethodAttributes (77ms)
			AfterProcessingInitializeOnLoad (21ms)
			EditorAssembliesLoaded (0ms)
		ExecutionOrderSort2 (0ms)
		AwakeInstancesAfterBackupRestoration (16ms)
Launched and connected shader compiler UnityShaderCompiler.exe after 0.08 seconds
Refreshing native plugins compatible for Editor in 8.10 ms, found 4 plugins.
Preloading 0 native plugins for Editor in 0.00 ms.
Unloading 4095 Unused Serialized files (Serialized files now loaded: 0)
Unloading 65 unused Assets / (61.8 KB). Loaded Objects now: 4556.
Memory consumption went from 146.5 MB to 146.4 MB.
Total: 8.960900 ms (FindLiveObjects: 0.715400 ms CreateObjectMapping: 0.291400 ms MarkObjects: 7.666400 ms  DeleteObjects: 0.285000 ms)

AssetImportParameters requested are different than current active one (requested -> active):
  custom:container-demuxer-ogg: 62fdf1f143b41e24485cea50d1cbac27 -> 
  custom:video-decoder-ogg-theora: a1e56fd34408186e4bbccfd4996cb3dc -> 
  custom:framework-win-MediaFoundation: 216162199b28c13a410421893ffa2e32 -> 
  custom:CustomObjectIndexerAttribute: 9a22284fe3817be447336de3de66b15e -> 
  custom:container-demuxer-webm: 4f35f7cbe854078d1ac9338744f61a02 -> 
  custom:container-muxer-webm: aa71ff27fc2769a1b78a27578f13a17b -> 
  custom:video-decoder-webm-vp8: 9c59270c3fd7afecdb556c50c9e8de78 -> 
  custom:SearchIndexIgnoredProperties: e643bd26f0fe6173181afceb89e7c659 -> 
  custom:AudioImporter_EditorPlatform: d09bf68614088b80899f8185d706f6e7 -> 
  custom:video-encoder-webm-vp8: eb34c28f22e8b96e1ab97ce403110664 -> 
  custom:audio-decoder-ogg-vorbis: bf7c407c2cedff20999df2af8eb42d56 -> 
  custom:audio-encoder-webm-vorbis: bf7c407c2cedff20999df2af8eb42d56 -> 
========================================================================
Received Import Request.
  Time since last request: 4589.726371 seconds.
  path: Assets/Tileset/tileset-sliced_67.asset
  artifactKey: Guid(119c502018dad434bbdccc32e76491e8) Importer(815301076,1909f56bfc062723c751e8b465ee728b)
Start importing Assets/Tileset/tileset-sliced_67.asset using Guid(119c502018dad434bbdccc32e76491e8) Importer(815301076,1909f56bfc062723c751e8b465ee728b)  -> (artifact id: '717d2f9026d4b025b879fc6f0e742e69') in 0.314727 seconds
Number of updated asset objects reloaded before import = 0
Number of asset objects unloaded after import = 3
========================================================================
Received Import Request.
  Time since last request: 0.000048 seconds.
  path: Assets/Tileset/tileset-sliced_47.asset
  artifactKey: Guid(6267d21089f75674e8925b33d103c902) Importer(815301076,1909f56bfc062723c751e8b465ee728b)
Start importing Assets/Tileset/tileset-sliced_47.asset using Guid(6267d21089f75674e8925b33d103c902) Importer(815301076,1909f56bfc062723c751e8b465ee728b)  -> (artifact id: '37a255d2465dad462ddac9494ca235d8') in 0.016557 seconds
Number of updated asset objects reloaded before import = 0
Number of asset objects unloaded after import = 3
========================================================================
Received Import Request.
  Time since last request: 0.000147 seconds.
  path: Assets/Tileset/tileset-sliced_72.asset
  artifactKey: Guid(74bcfd18541b84f49a56abbee0b62b83) Importer(815301076,1909f56bfc062723c751e8b465ee728b)
Start importing Assets/Tileset/tileset-sliced_72.asset using Guid(74bcfd18541b84f49a56abbee0b62b83) Importer(815301076,1909f56bfc062723c751e8b465ee728b)  -> (artifact id: '9cfc10409090c3906bbe33f398a0870d') in 0.014296 seconds
Number of updated asset objects reloaded before import = 0
Number of asset objects unloaded after import = 3
========================================================================
Received Import Request.
  Time since last request: 0.000033 seconds.
  path: Assets/Tileset/tileset-sliced_41.asset
  artifactKey: Guid(34e7085cd8d4f5347b0a181164941bef) Importer(815301076,1909f56bfc062723c751e8b465ee728b)
Start importing Assets/Tileset/tileset-sliced_41.asset using Guid(34e7085cd8d4f5347b0a181164941bef) Importer(815301076,1909f56bfc062723c751e8b465ee728b)  -> (artifact id: 'e431cb82e91d1e7fe16e7ec3337fa307') in 0.023146 seconds
Number of updated asset objects reloaded before import = 0
Number of asset objects unloaded after import = 3
========================================================================
Received Import Request.
  Time since last request: 0.000025 seconds.
  path: Assets/Tileset/tileset-sliced_86.asset
  artifactKey: Guid(7bfba1e90edc16141b538fef611d9cd6) Importer(815301076,1909f56bfc062723c751e8b465ee728b)
Start importing Assets/Tileset/tileset-sliced_86.asset using Guid(7bfba1e90edc16141b538fef611d9cd6) Importer(815301076,1909f56bfc062723c751e8b465ee728b)  -> (artifact id: 'db8c3c1b8370811ffa7e335bd6c8a7d0') in 0.015422 seconds
Number of updated asset objects reloaded before import = 0
Number of asset objects unloaded after import = 3
========================================================================
Received Import Request.
  Time since last request: 0.000024 seconds.
  path: Assets/Tileset/tileset-sliced_62.asset
  artifactKey: Guid(8eeb48ed30f7a1542b6cfeb217ae36f2) Importer(815301076,1909f56bfc062723c751e8b465ee728b)
Start importing Assets/Tileset/tileset-sliced_62.asset using Guid(8eeb48ed30f7a1542b6cfeb217ae36f2) Importer(815301076,1909f56bfc062723c751e8b465ee728b)  -> (artifact id: 'd4e80cae0e420aa2cc0741ded98dc24a') in 0.014532 seconds
Number of updated asset objects reloaded before import = 0
Number of asset objects unloaded after import = 3
========================================================================
Received Import Request.
  Time since last request: 0.000035 seconds.
  path: Assets/Tileset/tileset-sliced_69.asset
  artifactKey: Guid(e185933dd07e3b04c9f1b9bccde48919) Importer(815301076,1909f56bfc062723c751e8b465ee728b)
Start importing Assets/Tileset/tileset-sliced_69.asset using Guid(e185933dd07e3b04c9f1b9bccde48919) Importer(815301076,1909f56bfc062723c751e8b465ee728b)  -> (artifact id: '529ee61781c7c070fd51817ae77001ae') in 0.015932 seconds
Number of updated asset objects reloaded before import = 0
Number of asset objects unloaded after import = 3
========================================================================
Received Import Request.
  Time since last request: 0.000023 seconds.
  path: Assets/Tileset/tileset-sliced_84.asset
  artifactKey: Guid(d9c9fcf3b53de8e4f993609cdac7c322) Importer(815301076,1909f56bfc062723c751e8b465ee728b)
Start importing Assets/Tileset/tileset-sliced_84.asset using Guid(d9c9fcf3b53de8e4f993609cdac7c322) Importer(815301076,1909f56bfc062723c751e8b465ee728b)  -> (artifact id: 'e40406ea3092d46e04d6574ae7e1cf75') in 0.015065 seconds
Number of updated asset objects reloaded before import = 0
Number of asset objects unloaded after import = 3
========================================================================
Received Import Request.
  Time since last request: 0.000022 seconds.
  path: Assets/Tileset/tileset-sliced_57.asset
  artifactKey: Guid(85936b914a1f6db4abe8b90aee8c2e20) Importer(815301076,1909f56bfc062723c751e8b465ee728b)
Start importing Assets/Tileset/tileset-sliced_57.asset using Guid(85936b914a1f6db4abe8b90aee8c2e20) Importer(815301076,1909f56bfc062723c751e8b465ee728b)  -> (artifact id: '45bee65c2596d14d3dc21306a8af7184') in 0.015921 seconds
Number of updated asset objects reloaded before import = 0
Number of asset objects unloaded after import = 3
========================================================================
Received Import Request.
  Time since last request: 0.000026 seconds.
  path: Assets/Tileset/tileset-sliced_49.asset
  artifactKey: Guid(5ea81004fce0b8c43b0827f2a8fe1a17) Importer(815301076,1909f56bfc062723c751e8b465ee728b)
Start importing Assets/Tileset/tileset-sliced_49.asset using Guid(5ea81004fce0b8c43b0827f2a8fe1a17) Importer(815301076,1909f56bfc062723c751e8b465ee728b)  -> (artifact id: 'e353747f3050509f4d4af1d62bbd770d') in 0.016631 seconds
Number of updated asset objects reloaded before import = 0
Number of asset objects unloaded after import = 3
========================================================================
Received Import Request.
  Time since last request: 0.000025 seconds.
  path: Assets/Tileset/tileset-sliced_43.asset
  artifactKey: Guid(55bafae4ec7630148bc3460c22a96af9) Importer(815301076,1909f56bfc062723c751e8b465ee728b)
Start importing Assets/Tileset/tileset-sliced_43.asset using Guid(55bafae4ec7630148bc3460c22a96af9) Importer(815301076,1909f56bfc062723c751e8b465ee728b)  -> (artifact id: '84f1b91efb3de7b0c36656a32585cd6f') in 0.015939 seconds
Number of updated asset objects reloaded before import = 0
Number of asset objects unloaded after import = 3
========================================================================
Received Import Request.
  Time since last request: 0.000024 seconds.
  path: Assets/Tileset/tileset-sliced_54.asset
  artifactKey: Guid(c2ee9b794942d86438549fd521ed5c44) Importer(815301076,1909f56bfc062723c751e8b465ee728b)
Start importing Assets/Tileset/tileset-sliced_54.asset using Guid(c2ee9b794942d86438549fd521ed5c44) Importer(815301076,1909f56bfc062723c751e8b465ee728b)  -> (artifact id: 'cfb4b9ac4247ffcc815ee841319ca2eb') in 0.015939 seconds
Number of updated asset objects reloaded before import = 0
Number of asset objects unloaded after import = 3
========================================================================
Received Import Request.
  Time since last request: 0.000032 seconds.
  path: Assets/Tileset/tileset-sliced_71.asset
  artifactKey: Guid(c2b6e1875fa9c10419f6f334f9b8183c) Importer(815301076,1909f56bfc062723c751e8b465ee728b)
Start importing Assets/Tileset/tileset-sliced_71.asset using Guid(c2b6e1875fa9c10419f6f334f9b8183c) Importer(815301076,1909f56bfc062723c751e8b465ee728b)  -> (artifact id: '5c74c394557e546d616ca22aabdc7f3b') in 0.017473 seconds
Number of updated asset objects reloaded before import = 0
Number of asset objects unloaded after import = 3
========================================================================
Received Import Request.
  Time since last request: 0.000032 seconds.
  path: Assets/Tileset/tileset-sliced_46.asset
  artifactKey: Guid(5e855e640d9e0ab4fa89e9bea8dc30de) Importer(815301076,1909f56bfc062723c751e8b465ee728b)
Start importing Assets/Tileset/tileset-sliced_46.asset using Guid(5e855e640d9e0ab4fa89e9bea8dc30de) Importer(815301076,1909f56bfc062723c751e8b465ee728b)  -> (artifact id: 'ddaf74f222478476333fcd435a9ddc3d') in 0.016081 seconds
Number of updated asset objects reloaded before import = 0
Number of asset objects unloaded after import = 3
========================================================================
Received Import Request.
  Time since last request: 0.000047 seconds.
  path: Assets/Tileset/tileset-sliced_76.asset
  artifactKey: Guid(b7a237a064cdb1745bccdc2a214306d1) Importer(815301076,1909f56bfc062723c751e8b465ee728b)
Start importing Assets/Tileset/tileset-sliced_76.asset using Guid(b7a237a064cdb1745bccdc2a214306d1) Importer(815301076,1909f56bfc062723c751e8b465ee728b)  -> (artifact id: '65ff9695d2485f38975b4d6eb35462b9') in 0.016173 seconds
Number of updated asset objects reloaded before import = 0
Number of asset objects unloaded after import = 3
========================================================================
Received Import Request.
  Time since last request: 0.000024 seconds.
  path: Assets/Tileset/tileset-sliced_85.asset
  artifactKey: Guid(6b1d8c50cc16b93438a5adc569a81b76) Importer(815301076,1909f56bfc062723c751e8b465ee728b)
Start importing Assets/Tileset/tileset-sliced_85.asset using Guid(6b1d8c50cc16b93438a5adc569a81b76) Importer(815301076,1909f56bfc062723c751e8b465ee728b)  -> (artifact id: 'd5aeafecfd2657194a25fe4fa90fbc00') in 0.017577 seconds
Number of updated asset objects reloaded before import = 0
Number of asset objects unloaded after import = 3
========================================================================
Received Import Request.
  Time since last request: 0.000039 seconds.
  path: Assets/Tileset/tileset-sliced_56.asset
  artifactKey: Guid(94aa16297ba86b84d90dd5ebd3ce384f) Importer(815301076,1909f56bfc062723c751e8b465ee728b)
Start importing Assets/Tileset/tileset-sliced_56.asset using Guid(94aa16297ba86b84d90dd5ebd3ce384f) Importer(815301076,1909f56bfc062723c751e8b465ee728b)  -> (artifact id: '29a537e2bc8441b7a4594a7316f12193') in 0.029222 seconds
Number of updated asset objects reloaded before import = 0
Number of asset objects unloaded after import = 3
========================================================================
Received Import Request.
  Time since last request: 0.000025 seconds.
  path: Assets/Tileset/tileset-sliced_50.asset
  artifactKey: Guid(5e5eaf71b365a1f4bb567388ab72640a) Importer(815301076,1909f56bfc062723c751e8b465ee728b)
Start importing Assets/Tileset/tileset-sliced_50.asset using Guid(5e5eaf71b365a1f4bb567388ab72640a) Importer(815301076,1909f56bfc062723c751e8b465ee728b)  -> (artifact id: '75abb4ccd20f912d794e0848e79ff36f') in 0.017034 seconds
Number of updated asset objects reloaded before import = 0
Number of asset objects unloaded after import = 3
========================================================================
Received Import Request.
  Time since last request: 0.000042 seconds.
  path: Assets/Tileset/tileset-sliced_44.asset
  artifactKey: Guid(df5b1426695aee246b7d196f56e559a4) Importer(815301076,1909f56bfc062723c751e8b465ee728b)
Start importing Assets/Tileset/tileset-sliced_44.asset using Guid(df5b1426695aee246b7d196f56e559a4) Importer(815301076,1909f56bfc062723c751e8b465ee728b)  -> (artifact id: 'a6ca3150927aad3f7bdc3a802d52270c') in 0.015095 seconds
Number of updated asset objects reloaded before import = 0
Number of asset objects unloaded after import = 3
========================================================================
Received Import Request.
  Time since last request: 0.000032 seconds.
  path: Assets/Tileset/tileset-sliced_51.asset
  artifactKey: Guid(3bd0c7c51a16804468adfa1189f4d3e7) Importer(815301076,1909f56bfc062723c751e8b465ee728b)
Start importing Assets/Tileset/tileset-sliced_51.asset using Guid(3bd0c7c51a16804468adfa1189f4d3e7) Importer(815301076,1909f56bfc062723c751e8b465ee728b)  -> (artifact id: '7395d760be395787e540a4a38f68127d') in 0.016468 seconds
Number of updated asset objects reloaded before import = 0
Number of asset objects unloaded after import = 3
========================================================================
Received Import Request.
  Time since last request: 0.000023 seconds.
  path: Assets/Tileset/tileset-sliced_78.asset
  artifactKey: Guid(4d820143dabff7f48888a021fb66efe6) Importer(815301076,1909f56bfc062723c751e8b465ee728b)
Start importing Assets/Tileset/tileset-sliced_78.asset using Guid(4d820143dabff7f48888a021fb66efe6) Importer(815301076,1909f56bfc062723c751e8b465ee728b)  -> (artifact id: '575f096e72554a47d273a017b8c531d4') in 0.016082 seconds
Number of updated asset objects reloaded before import = 0
Number of asset objects unloaded after import = 3
========================================================================
Received Import Request.
  Time since last request: 0.000026 seconds.
  path: Assets/Tileset/tileset-sliced_79.asset
  artifactKey: Guid(f842f5272625778499f47758a1ba3122) Importer(815301076,1909f56bfc062723c751e8b465ee728b)
Start importing Assets/Tileset/tileset-sliced_79.asset using Guid(f842f5272625778499f47758a1ba3122) Importer(815301076,1909f56bfc062723c751e8b465ee728b)  -> (artifact id: 'ad1abce6392b7c70fa8d8bfe809f11ea') in 0.017016 seconds
Number of updated asset objects reloaded before import = 0
Number of asset objects unloaded after import = 3
========================================================================
Received Import Request.
  Time since last request: 0.000031 seconds.
  path: Assets/Tileset/tileset-sliced_40.asset
  artifactKey: Guid(0403385aea9241d4f905978063b5f6fa) Importer(815301076,1909f56bfc062723c751e8b465ee728b)
Start importing Assets/Tileset/tileset-sliced_40.asset using Guid(0403385aea9241d4f905978063b5f6fa) Importer(815301076,1909f56bfc062723c751e8b465ee728b)  -> (artifact id: '756a2cf54b124ef3ef9e7e8b3c958773') in 0.016911 seconds
Number of updated asset objects reloaded before import = 0
Number of asset objects unloaded after import = 3
========================================================================
Received Import Request.
  Time since last request: 0.000025 seconds.
  path: Assets/Tileset/tileset-sliced_61.asset
  artifactKey: Guid(38276c4cd23f6bb45a4df847849ceaa2) Importer(815301076,1909f56bfc062723c751e8b465ee728b)
Start importing Assets/Tileset/tileset-sliced_61.asset using Guid(38276c4cd23f6bb45a4df847849ceaa2) Importer(815301076,1909f56bfc062723c751e8b465ee728b)  -> (artifact id: 'e39c316569f86335a1a0e85f7c24a679') in 0.015497 seconds
Number of updated asset objects reloaded before import = 0
Number of asset objects unloaded after import = 3
========================================================================
Received Import Request.
  Time since last request: 0.753092 seconds.
  path: Assets/Tileset/tileset-sliced_88.asset
  artifactKey: Guid(7197e56390a633d4ca0dab4b43f1b762) Importer(815301076,1909f56bfc062723c751e8b465ee728b)
Start importing Assets/Tileset/tileset-sliced_88.asset using Guid(7197e56390a633d4ca0dab4b43f1b762) Importer(815301076,1909f56bfc062723c751e8b465ee728b)  -> (artifact id: '530cd24b8162644d7e41957146ab2fcf') in 0.068357 seconds
Number of updated asset objects reloaded before import = 0
Number of asset objects unloaded after import = 3
========================================================================
Received Import Request.
  Time since last request: 0.000022 seconds.
  path: Assets/Tileset/tileset-sliced_96.asset
  artifactKey: Guid(2da0581e3a69dee46bd67ef0558303bd) Importer(815301076,1909f56bfc062723c751e8b465ee728b)
Start importing Assets/Tileset/tileset-sliced_96.asset using Guid(2da0581e3a69dee46bd67ef0558303bd) Importer(815301076,1909f56bfc062723c751e8b465ee728b)  -> (artifact id: 'd836a9556084a04fc63c050a5a6e889c') in 0.014309 seconds
Number of updated asset objects reloaded before import = 0
Number of asset objects unloaded after import = 3
========================================================================
Received Import Request.
  Time since last request: 0.000032 seconds.
  path: Assets/Tileset/tileset-sliced_102.asset
  artifactKey: Guid(24daafe29b6f3634fab0ccce66a01e75) Importer(815301076,1909f56bfc062723c751e8b465ee728b)
Start importing Assets/Tileset/tileset-sliced_102.asset using Guid(24daafe29b6f3634fab0ccce66a01e75) Importer(815301076,1909f56bfc062723c751e8b465ee728b)  -> (artifact id: 'b23ff7c4cd19e767033b4e6ef5544014') in 0.014579 seconds
Number of updated asset objects reloaded before import = 0
Number of asset objects unloaded after import = 3
========================================================================
Received Import Request.
  Time since last request: 0.000032 seconds.
  path: Assets/Tileset/tileset-sliced_92.asset
  artifactKey: Guid(d5c3eb2696d74f344bc815a43c1b6ba1) Importer(815301076,1909f56bfc062723c751e8b465ee728b)
Start importing Assets/Tileset/tileset-sliced_92.asset using Guid(d5c3eb2696d74f344bc815a43c1b6ba1) Importer(815301076,1909f56bfc062723c751e8b465ee728b)  -> (artifact id: '223f5be05f61a3150406e738a136d429') in 0.024273 seconds
Number of updated asset objects reloaded before import = 0
Number of asset objects unloaded after import = 3
========================================================================
Received Import Request.
  Time since last request: 0.000026 seconds.
  path: Assets/Tileset/tileset-sliced_100.asset
  artifactKey: Guid(872081b14e7089c4c8aa4ca2ff04d870) Importer(815301076,1909f56bfc062723c751e8b465ee728b)
Start importing Assets/Tileset/tileset-sliced_100.asset using Guid(872081b14e7089c4c8aa4ca2ff04d870) Importer(815301076,1909f56bfc062723c751e8b465ee728b)  -> (artifact id: 'e9ba44c0e328c966c0a6951af33c2467') in 0.007873 seconds
Number of updated asset objects reloaded before import = 0
Number of asset objects unloaded after import = 3
========================================================================
Received Import Request.
  Time since last request: 0.000031 seconds.
  path: Assets/Tileset/tileset-sliced_104.asset
  artifactKey: Guid(ef23768d2fc963c4cac1ae3e66489dd1) Importer(815301076,1909f56bfc062723c751e8b465ee728b)
Start importing Assets/Tileset/tileset-sliced_104.asset using Guid(ef23768d2fc963c4cac1ae3e66489dd1) Importer(815301076,1909f56bfc062723c751e8b465ee728b)  -> (artifact id: 'b991b866677b5bb00f4fdd7a87db75d5') in 0.016073 seconds
Number of updated asset objects reloaded before import = 0
Number of asset objects unloaded after import = 3
========================================================================
Received Import Request.
  Time since last request: 0.000032 seconds.
  path: Assets/Tileset/tileset-sliced_103.asset
  artifactKey: Guid(7646a69dd68f4ea498b5b936d64ce07f) Importer(815301076,1909f56bfc062723c751e8b465ee728b)
Start importing Assets/Tileset/tileset-sliced_103.asset using Guid(7646a69dd68f4ea498b5b936d64ce07f) Importer(815301076,1909f56bfc062723c751e8b465ee728b)  -> (artifact id: '7328bfce88872246448893a702f5f5ed') in 0.016838 seconds
Number of updated asset objects reloaded before import = 0
Number of asset objects unloaded after import = 3
========================================================================
Received Import Request.
  Time since last request: 0.000025 seconds.
  path: Assets/Tileset/tileset-sliced_106.asset
  artifactKey: Guid(59b06d2d0eac74e44a1e31ae4c52d5f2) Importer(815301076,1909f56bfc062723c751e8b465ee728b)
Start importing Assets/Tileset/tileset-sliced_106.asset using Guid(59b06d2d0eac74e44a1e31ae4c52d5f2) Importer(815301076,1909f56bfc062723c751e8b465ee728b)  -> (artifact id: '14f91f5e666fca055677a5c73dbf4809') in 0.019260 seconds
Number of updated asset objects reloaded before import = 0
Number of asset objects unloaded after import = 3
========================================================================
Received Import Request.
  Time since last request: 0.000023 seconds.
  path: Assets/Tileset/tileset-sliced_90.asset
  artifactKey: Guid(903124808b079484ab00d85e5076cf71) Importer(815301076,1909f56bfc062723c751e8b465ee728b)
Start importing Assets/Tileset/tileset-sliced_90.asset using Guid(903124808b079484ab00d85e5076cf71) Importer(815301076,1909f56bfc062723c751e8b465ee728b)  -> (artifact id: '1e931460fedbcc9202193bc46b49c593') in 0.017814 seconds
Number of updated asset objects reloaded before import = 0
Number of asset objects unloaded after import = 3
========================================================================
Received Import Request.
  Time since last request: 0.000031 seconds.
  path: Assets/Tileset/tileset-sliced_89.asset
  artifactKey: Guid(33c04ad312209db4c90b81d31ebf40f9) Importer(815301076,1909f56bfc062723c751e8b465ee728b)
Start importing Assets/Tileset/tileset-sliced_89.asset using Guid(33c04ad312209db4c90b81d31ebf40f9) Importer(815301076,1909f56bfc062723c751e8b465ee728b)  -> (artifact id: '10c20282c4b84873d1b0707aeaf3622c') in 0.015727 seconds
Number of updated asset objects reloaded before import = 0
Number of asset objects unloaded after import = 3
========================================================================
Received Import Request.
  Time since last request: 0.000029 seconds.
  path: Assets/Tileset/tileset-sliced_108.asset
  artifactKey: Guid(db366fc30687e6048a06685114ccb6f3) Importer(815301076,1909f56bfc062723c751e8b465ee728b)
Start importing Assets/Tileset/tileset-sliced_108.asset using Guid(db366fc30687e6048a06685114ccb6f3) Importer(815301076,1909f56bfc062723c751e8b465ee728b)  -> (artifact id: 'c70f92309fb58a4c42affdb8e8342de6') in 0.016379 seconds
Number of updated asset objects reloaded before import = 0
Number of asset objects unloaded after import = 3
========================================================================
Received Import Request.
  Time since last request: 0.000029 seconds.
  path: Assets/Tileset/tileset-sliced_93.asset
  artifactKey: Guid(d08547a94b2615b4b838b4c4295940f8) Importer(815301076,1909f56bfc062723c751e8b465ee728b)
Start importing Assets/Tileset/tileset-sliced_93.asset using Guid(d08547a94b2615b4b838b4c4295940f8) Importer(815301076,1909f56bfc062723c751e8b465ee728b)  -> (artifact id: '5962f67b0c678cea88810be05206c1bc') in 0.016462 seconds
Number of updated asset objects reloaded before import = 0
Number of asset objects unloaded after import = 3
========================================================================
Received Import Request.
  Time since last request: 0.507860 seconds.
  path: Assets/Tileset/tileset-sliced_112.asset
  artifactKey: Guid(ce280b8864d26644192ff34f7082bbd5) Importer(815301076,1909f56bfc062723c751e8b465ee728b)
Start importing Assets/Tileset/tileset-sliced_112.asset using Guid(ce280b8864d26644192ff34f7082bbd5) Importer(815301076,1909f56bfc062723c751e8b465ee728b)  -> (artifact id: '4cf3a72d7170400e93a8927c78f5f2dc') in 0.075761 seconds
Number of updated asset objects reloaded before import = 0
Number of asset objects unloaded after import = 3
========================================================================
Received Import Request.
  Time since last request: 0.000026 seconds.
  path: Assets/Tileset/tileset-sliced_122.asset
  artifactKey: Guid(d196c04e921d9b74091edb8436f7e9ec) Importer(815301076,1909f56bfc062723c751e8b465ee728b)
Start importing Assets/Tileset/tileset-sliced_122.asset using Guid(d196c04e921d9b74091edb8436f7e9ec) Importer(815301076,1909f56bfc062723c751e8b465ee728b)  -> (artifact id: 'f1530c421982cf71eca88e1ef0c5851d') in 0.028363 seconds
Number of updated asset objects reloaded before import = 0
Number of asset objects unloaded after import = 3
========================================================================
Received Import Request.
  Time since last request: 0.000029 seconds.
  path: Assets/Tileset/tileset-sliced_126.asset
  artifactKey: Guid(92eef5bde894aee4ca83a8d5b8bec657) Importer(815301076,1909f56bfc062723c751e8b465ee728b)
Start importing Assets/Tileset/tileset-sliced_126.asset using Guid(92eef5bde894aee4ca83a8d5b8bec657) Importer(815301076,1909f56bfc062723c751e8b465ee728b)  -> (artifact id: 'ae50b1671f9ed0d33c05e497afa20059') in 0.015572 seconds
Number of updated asset objects reloaded before import = 0
Number of asset objects unloaded after import = 3
========================================================================
Received Import Request.
  Time since last request: 0.000023 seconds.
  path: Assets/Tileset/tileset-sliced_113.asset
  artifactKey: Guid(82a7d5602284f5a498f8947d101ac846) Importer(815301076,1909f56bfc062723c751e8b465ee728b)
Start importing Assets/Tileset/tileset-sliced_113.asset using Guid(82a7d5602284f5a498f8947d101ac846) Importer(815301076,1909f56bfc062723c751e8b465ee728b)  -> (artifact id: '50c44c2f5cce1bac4520b9a7d3705dc1') in 0.015133 seconds
Number of updated asset objects reloaded before import = 0
Number of asset objects unloaded after import = 3
========================================================================
Received Import Request.
  Time since last request: 0.000022 seconds.
  path: Assets/Tileset/tileset-sliced_125.asset
  artifactKey: Guid(bd3763d1031ef3e459b11d693e13aeaa) Importer(815301076,1909f56bfc062723c751e8b465ee728b)
Start importing Assets/Tileset/tileset-sliced_125.asset using Guid(bd3763d1031ef3e459b11d693e13aeaa) Importer(815301076,1909f56bfc062723c751e8b465ee728b)  -> (artifact id: '82eadd927eac0f3174952615c1ca5b70') in 0.015123 seconds
Number of updated asset objects reloaded before import = 0
Number of asset objects unloaded after import = 3
========================================================================
Received Import Request.
  Time since last request: 0.000035 seconds.
  path: Assets/Tileset/tileset-sliced_121.asset
  artifactKey: Guid(589ddd6a4136a7342b3950abecb89e2c) Importer(815301076,1909f56bfc062723c751e8b465ee728b)
Start importing Assets/Tileset/tileset-sliced_121.asset using Guid(589ddd6a4136a7342b3950abecb89e2c) Importer(815301076,1909f56bfc062723c751e8b465ee728b)  -> (artifact id: '8b0bd2b9ce20a248ee6de881f764bad4') in 0.014720 seconds
Number of updated asset objects reloaded before import = 0
Number of asset objects unloaded after import = 3
========================================================================
Received Import Request.
  Time since last request: 0.000031 seconds.
  path: Assets/Tileset/tileset-sliced_117.asset
  artifactKey: Guid(b19f1edd95b052d47943ba291d5dec4f) Importer(815301076,1909f56bfc062723c751e8b465ee728b)
Start importing Assets/Tileset/tileset-sliced_117.asset using Guid(b19f1edd95b052d47943ba291d5dec4f) Importer(815301076,1909f56bfc062723c751e8b465ee728b)  -> (artifact id: 'a441430455f319b1569b3bcc645ad84f') in 0.014614 seconds
Number of updated asset objects reloaded before import = 0
Number of asset objects unloaded after import = 3
========================================================================
Received Import Request.
  Time since last request: 0.000023 seconds.
  path: Assets/Tileset/tileset-sliced_115.asset
  artifactKey: Guid(91e72082293ffcd43a34ec6fd0b1ef6a) Importer(815301076,1909f56bfc062723c751e8b465ee728b)
Start importing Assets/Tileset/tileset-sliced_115.asset using Guid(91e72082293ffcd43a34ec6fd0b1ef6a) Importer(815301076,1909f56bfc062723c751e8b465ee728b)  -> (artifact id: '63f9d59b1459e32ce50ed688515950b7') in 0.016541 seconds
Number of updated asset objects reloaded before import = 0
Number of asset objects unloaded after import = 3
========================================================================
Received Import Request.
  Time since last request: 201.536407 seconds.
  path: Assets/Tileset/tileset_0.asset
  artifactKey: Guid(4ad27f0e10458634e88329a569e59be2) Importer(815301076,1909f56bfc062723c751e8b465ee728b)
Start importing Assets/Tileset/tileset_0.asset using Guid(4ad27f0e10458634e88329a569e59be2) Importer(815301076,1909f56bfc062723c751e8b465ee728b)  -> (artifact id: 'cbfd237971cc062c8c9ffc64a46680dc') in 0.019694 seconds
Number of updated asset objects reloaded before import = 0
Number of asset objects unloaded after import = 1
========================================================================
Received Import Request.
  Time since last request: 0.043125 seconds.
  path: Assets/Tileset/tileset_2.asset
  artifactKey: Guid(1e3aeea787bba7b4dab789d7b67cb522) Importer(815301076,1909f56bfc062723c751e8b465ee728b)
Start importing Assets/Tileset/tileset_2.asset using Guid(1e3aeea787bba7b4dab789d7b67cb522) Importer(815301076,1909f56bfc062723c751e8b465ee728b)  -> (artifact id: '6667b6011a4e77b37fc8e2c53adf44c3') in 0.002912 seconds
Number of updated asset objects reloaded before import = 0
Number of asset objects unloaded after import = 1
========================================================================
Received Import Request.
  Time since last request: 0.065501 seconds.
  path: Assets/Tileset/tileset_6.asset
  artifactKey: Guid(297e4f2981fafa044826b511b922ed3e) Importer(815301076,1909f56bfc062723c751e8b465ee728b)
Start importing Assets/Tileset/tileset_6.asset using Guid(297e4f2981fafa044826b511b922ed3e) Importer(815301076,1909f56bfc062723c751e8b465ee728b)  -> (artifact id: 'fbe82770a6e32f1a7cc1a8dd46cb67c4') in 0.005192 seconds
Number of updated asset objects reloaded before import = 0
Number of asset objects unloaded after import = 1
========================================================================
Received Prepare
Begin MonoManager ReloadAssembly
- Loaded All Assemblies, in  2.189 seconds
Refreshing native plugins compatible for Editor in 6.71 ms, found 4 plugins.
Native extension for WindowsStandalone target not found
[Package Manager] Server::EnsureServerProcessIsRunning -- launch failed, reason: Unity was launched with the -noUpm command-line argument
[Package Manager] UpmClient::Send -- Unable to send message (not connected to UPM process).
[Package Manager] Cannot connect to Unity Package Manager local server
Mono: successfully reloaded assembly
- Finished resetting the current domain, in  2.590 seconds
Domain Reload Profiling: 4774ms
	BeginReloadAssembly (1469ms)
		ExecutionOrderSort (0ms)
		DisableScriptedObjects (24ms)
		BackupInstance (0ms)
		ReleaseScriptingObjects (3ms)
		CreateAndSetChildDomain (1088ms)
	RebuildCommonClasses (164ms)
	RebuildNativeTypeToScriptingClass (30ms)
	initialDomainReloadingComplete (70ms)
	LoadAllAssembliesAndSetupDomain (450ms)
		LoadAssemblies (633ms)
		RebuildTransferFunctionScriptingTraits (0ms)
		AnalyzeDomain (31ms)
			TypeCache.Refresh (9ms)
				TypeCache.ScanAssembly (0ms)
			ScanForSourceGeneratedMonoScriptInfo (0ms)
			ResolveRequiredComponents (19ms)
	FinalizeReload (2591ms)
		ReleaseScriptCaches (0ms)
		RebuildScriptCaches (0ms)
		SetupLoadedEditorAssemblies (1489ms)
			LogAssemblyErrors (0ms)
			InitializePlatformSupportModulesInManaged (17ms)
			SetLoadedEditorAssemblies (11ms)
			RefreshPlugins (0ms)
			BeforeProcessingInitializeOnLoad (124ms)
			ProcessInitializeOnLoadAttributes (1211ms)
			ProcessInitializeOnLoadMethodAttributes (107ms)
			AfterProcessingInitializeOnLoad (19ms)
			EditorAssembliesLoaded (0ms)
		ExecutionOrderSort2 (0ms)
		AwakeInstancesAfterBackupRestoration (34ms)
Refreshing native plugins compatible for Editor in 5.78 ms, found 4 plugins.
Preloading 0 native plugins for Editor in 0.00 ms.
Unloading 4070 Unused Serialized files (Serialized files now loaded: 0)
Unloading 37 unused Assets / (35.7 KB). Loaded Objects now: 4567.
Memory consumption went from 144.9 MB to 144.8 MB.
Total: 6.187500 ms (FindLiveObjects: 0.465800 ms CreateObjectMapping: 0.296200 ms MarkObjects: 5.336500 ms  DeleteObjects: 0.087100 ms)

Prepare: number of updated asset objects reloaded= 0
AssetImportParameters requested are different than current active one (requested -> active):
  custom:container-demuxer-ogg: 62fdf1f143b41e24485cea50d1cbac27 -> 
  custom:video-decoder-ogg-theora: a1e56fd34408186e4bbccfd4996cb3dc -> 
  custom:framework-win-MediaFoundation: 216162199b28c13a410421893ffa2e32 -> 
  custom:CustomObjectIndexerAttribute: 9a22284fe3817be447336de3de66b15e -> 
  custom:container-demuxer-webm: 4f35f7cbe854078d1ac9338744f61a02 -> 
  custom:container-muxer-webm: aa71ff27fc2769a1b78a27578f13a17b -> 
  custom:video-decoder-webm-vp8: 9c59270c3fd7afecdb556c50c9e8de78 -> 
  custom:SearchIndexIgnoredProperties: e643bd26f0fe6173181afceb89e7c659 -> 
  custom:AudioImporter_EditorPlatform: d09bf68614088b80899f8185d706f6e7 -> 
  custom:video-encoder-webm-vp8: eb34c28f22e8b96e1ab97ce403110664 -> 
  custom:audio-decoder-ogg-vorbis: bf7c407c2cedff20999df2af8eb42d56 -> 
  custom:audio-encoder-webm-vorbis: bf7c407c2cedff20999df2af8eb42d56 -> 
========================================================================
Received Prepare
Refreshing native plugins compatible for Editor in 5.52 ms, found 4 plugins.
Preloading 0 native plugins for Editor in 0.00 ms.
Unloading 1 Unused Serialized files (Serialized files now loaded: 0)
Unloading 1 unused Assets / (3.1 KB). Loaded Objects now: 4567.
Memory consumption went from 82.6 MB to 82.6 MB.
Total: 5.663400 ms (FindLiveObjects: 0.412800 ms CreateObjectMapping: 0.233700 ms MarkObjects: 4.978200 ms  DeleteObjects: 0.036700 ms)

Prepare: number of updated asset objects reloaded= 0
AssetImportParameters requested are different than current active one (requested -> active):
  custom:container-demuxer-ogg: 62fdf1f143b41e24485cea50d1cbac27 -> 
  custom:video-decoder-ogg-theora: a1e56fd34408186e4bbccfd4996cb3dc -> 
  custom:framework-win-MediaFoundation: 216162199b28c13a410421893ffa2e32 -> 
  custom:CustomObjectIndexerAttribute: 9a22284fe3817be447336de3de66b15e -> 
  custom:container-demuxer-webm: 4f35f7cbe854078d1ac9338744f61a02 -> 
  custom:container-muxer-webm: aa71ff27fc2769a1b78a27578f13a17b -> 
  custom:video-decoder-webm-vp8: 9c59270c3fd7afecdb556c50c9e8de78 -> 
  custom:SearchIndexIgnoredProperties: e643bd26f0fe6173181afceb89e7c659 -> 
  custom:AudioImporter_EditorPlatform: d09bf68614088b80899f8185d706f6e7 -> 
  custom:video-encoder-webm-vp8: eb34c28f22e8b96e1ab97ce403110664 -> 
  custom:audio-decoder-ogg-vorbis: bf7c407c2cedff20999df2af8eb42d56 -> 
  custom:audio-encoder-webm-vorbis: bf7c407c2cedff20999df2af8eb42d56 -> 
