Using pre-set license
Built from '2022.3/staging' branch; Version is '2022.3.29f1 (8d510ca76d2b) revision 9261324'; Using compiler version '192829333'; Build Type 'Release'
OS: 'Windows 10  (10.0.19045) 64bit Core' Language: 'es' Physical Memory: 12247 MB
BatchMode: 1, IsHumanControllingUs: 0, StartBugReporterOnCrash: 0, Is64bit: 1, IsPro: 1

COMMAND LINE ARGUMENTS:
C:\Program Files\Unity\Hub\Editor\2022.3.29f1\Editor\Unity.exe
-adb2
-batchMode
-noUpm
-name
AssetImportWorker0
-projectPath
E:/Proyecto_Electiva/Kingdoom/Kingdoom_Proyecto
-logFile
Logs/AssetImportWorker0.log
-srvPort
49777
Successfully changed project path to: E:/Proyecto_Electiva/Kingdoom/Kingdoom_Proyecto
E:/Proyecto_Electiva/Kingdoom/Kingdoom_Proyecto
[UnityMemory] Configuration Parameters - Can be set up in boot.config
    "memorysetup-bucket-allocator-granularity=16"
    "memorysetup-bucket-allocator-bucket-count=8"
    "memorysetup-bucket-allocator-block-size=33554432"
    "memorysetup-bucket-allocator-block-count=8"
    "memorysetup-main-allocator-block-size=16777216"
    "memorysetup-thread-allocator-block-size=16777216"
    "memorysetup-gfx-main-allocator-block-size=16777216"
    "memorysetup-gfx-thread-allocator-block-size=16777216"
    "memorysetup-cache-allocator-block-size=4194304"
    "memorysetup-typetree-allocator-block-size=2097152"
    "memorysetup-profiler-bucket-allocator-granularity=16"
    "memorysetup-profiler-bucket-allocator-bucket-count=8"
    "memorysetup-profiler-bucket-allocator-block-size=33554432"
    "memorysetup-profiler-bucket-allocator-block-count=8"
    "memorysetup-profiler-allocator-block-size=16777216"
    "memorysetup-profiler-editor-allocator-block-size=1048576"
    "memorysetup-temp-allocator-size-main=16777216"
    "memorysetup-job-temp-allocator-block-size=2097152"
    "memorysetup-job-temp-allocator-block-size-background=1048576"
    "memorysetup-job-temp-allocator-reduction-small-platforms=262144"
    "memorysetup-allocator-temp-initial-block-size-main=262144"
    "memorysetup-allocator-temp-initial-block-size-worker=262144"
    "memorysetup-temp-allocator-size-background-worker=32768"
    "memorysetup-temp-allocator-size-job-worker=262144"
    "memorysetup-temp-allocator-size-preload-manager=33554432"
    "memorysetup-temp-allocator-size-nav-mesh-worker=65536"
    "memorysetup-temp-allocator-size-audio-worker=65536"
    "memorysetup-temp-allocator-size-cloud-worker=32768"
    "memorysetup-temp-allocator-size-gi-baking-worker=262144"
    "memorysetup-temp-allocator-size-gfx=262144"
Player connection [10528] Host "[IP] 192.168.56.1 [Port] 0 [Flags] 2 [Guid] 4079374310 [EditorId] 4079374310 [Version] 1048832 [Id] WindowsEditor(7,Laptop-Luigi) [Debug] 1 [PackageName] WindowsEditor [ProjectName] Editor" joined multi-casting on [225.0.0.222:54997]...

Player connection [10528] Host "[IP] 192.168.56.1 [Port] 0 [Flags] 2 [Guid] 4079374310 [EditorId] 4079374310 [Version] 1048832 [Id] WindowsEditor(7,Laptop-Luigi) [Debug] 1 [PackageName] WindowsEditor [ProjectName] Editor" joined alternative multi-casting on [225.0.0.222:34997]...

[Physics::Module] Initialized MultithreadedJobDispatcher with 7 workers.
Refreshing native plugins compatible for Editor in 17.73 ms, found 4 plugins.
Preloading 0 native plugins for Editor in 0.00 ms.
Initialize engine version: 2022.3.29f1 (8d510ca76d2b)
[Subsystems] Discovering subsystems at path C:/Program Files/Unity/Hub/Editor/2022.3.29f1/Editor/Data/Resources/UnitySubsystems
[Subsystems] Discovering subsystems at path E:/Proyecto_Electiva/Kingdoom/Kingdoom_Proyecto/Assets
GfxDevice: creating device client; threaded=0; jobified=0
Direct3D:
    Version:  Direct3D 11.0 [level 11.0]
    Renderer: NVIDIA GeForce GTX 660M (ID=0xfd4)
    Vendor:   NVIDIA
    VRAM:     2007 MB
    Driver:   25.21.14.2531
Initialize mono
Mono path[0] = 'C:/Program Files/Unity/Hub/Editor/2022.3.29f1/Editor/Data/Managed'
Mono path[1] = 'C:/Program Files/Unity/Hub/Editor/2022.3.29f1/Editor/Data/MonoBleedingEdge/lib/mono/unityjit-win32'
Mono config path = 'C:/Program Files/Unity/Hub/Editor/2022.3.29f1/Editor/Data/MonoBleedingEdge/etc'
Using monoOptions --debugger-agent=transport=dt_socket,embedding=1,server=y,suspend=n,address=127.0.0.1:56520
Begin MonoManager ReloadAssembly
Registering precompiled unity dll's ...
Register platform support module: C:/Program Files/Unity/Hub/Editor/2022.3.29f1/Editor/Data/PlaybackEngines/WindowsStandaloneSupport/UnityEditor.WindowsStandalone.Extensions.dll
Registered in 0.027736 seconds.
- Loaded All Assemblies, in  0.878 seconds
Native extension for WindowsStandalone target not found
Mono: successfully reloaded assembly
- Finished resetting the current domain, in  0.646 seconds
Domain Reload Profiling: 1519ms
	BeginReloadAssembly (279ms)
		ExecutionOrderSort (0ms)
		DisableScriptedObjects (0ms)
		BackupInstance (0ms)
		ReleaseScriptingObjects (0ms)
		CreateAndSetChildDomain (2ms)
	RebuildCommonClasses (100ms)
	RebuildNativeTypeToScriptingClass (29ms)
	initialDomainReloadingComplete (176ms)
	LoadAllAssembliesAndSetupDomain (289ms)
		LoadAssemblies (274ms)
		RebuildTransferFunctionScriptingTraits (0ms)
		AnalyzeDomain (285ms)
			TypeCache.Refresh (282ms)
				TypeCache.ScanAssembly (257ms)
			ScanForSourceGeneratedMonoScriptInfo (1ms)
			ResolveRequiredComponents (1ms)
	FinalizeReload (646ms)
		ReleaseScriptCaches (0ms)
		RebuildScriptCaches (0ms)
		SetupLoadedEditorAssemblies (521ms)
			LogAssemblyErrors (0ms)
			InitializePlatformSupportModulesInManaged (22ms)
			SetLoadedEditorAssemblies (13ms)
			RefreshPlugins (0ms)
			BeforeProcessingInitializeOnLoad (4ms)
			ProcessInitializeOnLoadAttributes (373ms)
			ProcessInitializeOnLoadMethodAttributes (109ms)
			AfterProcessingInitializeOnLoad (0ms)
			EditorAssembliesLoaded (0ms)
		ExecutionOrderSort2 (0ms)
		AwakeInstancesAfterBackupRestoration (0ms)
========================================================================
Worker process is ready to serve import requests
Begin MonoManager ReloadAssembly
- Loaded All Assemblies, in  1.905 seconds
Refreshing native plugins compatible for Editor in 7.13 ms, found 4 plugins.
Native extension for WindowsStandalone target not found
Package Manager log level set to [2]
[Package Manager] Server::EnsureServerProcessIsRunning -- launch failed, reason: Unity was launched with the -noUpm command-line argument
[Package Manager] UpmClient::Send -- Unable to send message (not connected to UPM process).
[Package Manager] Cannot connect to Unity Package Manager local server
Mono: successfully reloaded assembly
- Finished resetting the current domain, in  2.091 seconds
Domain Reload Profiling: 3990ms
	BeginReloadAssembly (336ms)
		ExecutionOrderSort (0ms)
		DisableScriptedObjects (17ms)
		BackupInstance (0ms)
		ReleaseScriptingObjects (0ms)
		CreateAndSetChildDomain (50ms)
	RebuildCommonClasses (68ms)
	RebuildNativeTypeToScriptingClass (23ms)
	initialDomainReloadingComplete (94ms)
	LoadAllAssembliesAndSetupDomain (1377ms)
		LoadAssemblies (1027ms)
		RebuildTransferFunctionScriptingTraits (0ms)
		AnalyzeDomain (523ms)
			TypeCache.Refresh (452ms)
				TypeCache.ScanAssembly (416ms)
			ScanForSourceGeneratedMonoScriptInfo (52ms)
			ResolveRequiredComponents (18ms)
	FinalizeReload (2092ms)
		ReleaseScriptCaches (0ms)
		RebuildScriptCaches (0ms)
		SetupLoadedEditorAssemblies (1669ms)
			LogAssemblyErrors (0ms)
			InitializePlatformSupportModulesInManaged (13ms)
			SetLoadedEditorAssemblies (8ms)
			RefreshPlugins (0ms)
			BeforeProcessingInitializeOnLoad (160ms)
			ProcessInitializeOnLoadAttributes (1390ms)
			ProcessInitializeOnLoadMethodAttributes (75ms)
			AfterProcessingInitializeOnLoad (24ms)
			EditorAssembliesLoaded (0ms)
		ExecutionOrderSort2 (0ms)
		AwakeInstancesAfterBackupRestoration (31ms)
Launched and connected shader compiler UnityShaderCompiler.exe after 0.08 seconds
Refreshing native plugins compatible for Editor in 11.21 ms, found 4 plugins.
Preloading 0 native plugins for Editor in 0.00 ms.
Unloading 4787 Unused Serialized files (Serialized files now loaded: 0)
Unloading 86 unused Assets / (137.6 KB). Loaded Objects now: 5249.
Memory consumption went from 162.2 MB to 162.1 MB.
Total: 7.802800 ms (FindLiveObjects: 0.938200 ms CreateObjectMapping: 0.439100 ms MarkObjects: 6.183800 ms  DeleteObjects: 0.234400 ms)

AssetImportParameters requested are different than current active one (requested -> active):
  custom:container-demuxer-ogg: 62fdf1f143b41e24485cea50d1cbac27 -> 
  custom:video-decoder-ogg-theora: a1e56fd34408186e4bbccfd4996cb3dc -> 
  custom:framework-win-MediaFoundation: 216162199b28c13a410421893ffa2e32 -> 
  custom:CustomObjectIndexerAttribute: 9a22284fe3817be447336de3de66b15e -> 
  custom:container-demuxer-webm: 4f35f7cbe854078d1ac9338744f61a02 -> 
  custom:container-muxer-webm: aa71ff27fc2769a1b78a27578f13a17b -> 
  custom:video-decoder-webm-vp8: 9c59270c3fd7afecdb556c50c9e8de78 -> 
  custom:SearchIndexIgnoredProperties: e643bd26f0fe6173181afceb89e7c659 -> 
  custom:AudioImporter_EditorPlatform: d09bf68614088b80899f8185d706f6e7 -> 
  custom:video-encoder-webm-vp8: eb34c28f22e8b96e1ab97ce403110664 -> 
  custom:audio-decoder-ogg-vorbis: bf7c407c2cedff20999df2af8eb42d56 -> 
  custom:audio-encoder-webm-vorbis: bf7c407c2cedff20999df2af8eb42d56 -> 
========================================================================
Received Import Request.
  Time since last request: 1301.162142 seconds.
  path: Assets/Scripts/Eventos
  artifactKey: Guid(f4b7cda301d1c8949b797e1ca38a16a2) Importer(815301076,1909f56bfc062723c751e8b465ee728b)
Start importing Assets/Scripts/Eventos using Guid(f4b7cda301d1c8949b797e1ca38a16a2) Importer(815301076,1909f56bfc062723c751e8b465ee728b)  -> (artifact id: 'e6d10a412cf573152b56523204223989') in 0.195054 seconds
Number of updated asset objects reloaded before import = 0
Number of asset objects unloaded after import = 0
========================================================================
Received Import Request.
  Time since last request: 7.738628 seconds.
  path: Assets/Scripts/KnightController.cs
  artifactKey: Guid(4e5eb8be64f4773408f60742b0714de2) Importer(815301076,1909f56bfc062723c751e8b465ee728b)
Start importing Assets/Scripts/KnightController.cs using Guid(4e5eb8be64f4773408f60742b0714de2) Importer(815301076,1909f56bfc062723c751e8b465ee728b)  -> (artifact id: '3c643fab9a0fee10a167c3ec1d1e4e85') in 0.001354 seconds
Number of updated asset objects reloaded before import = 0
Number of asset objects unloaded after import = 0
========================================================================
Received Import Request.
  Time since last request: 31.878826 seconds.
  path: Assets/Scripts/PlayerControl.cs
  artifactKey: Guid(d8b75712989bc6d43ae1384f79cacc26) Importer(815301076,1909f56bfc062723c751e8b465ee728b)
Start importing Assets/Scripts/PlayerControl.cs using Guid(d8b75712989bc6d43ae1384f79cacc26) Importer(815301076,1909f56bfc062723c751e8b465ee728b)  -> (artifact id: '3806ea3668940930e0ce1d41fa1065bf') in 0.000612 seconds
Number of updated asset objects reloaded before import = 0
Number of asset objects unloaded after import = 0
========================================================================
Received Prepare
Begin MonoManager ReloadAssembly
- Loaded All Assemblies, in  0.884 seconds
Refreshing native plugins compatible for Editor in 6.72 ms, found 4 plugins.
Native extension for WindowsStandalone target not found
[Package Manager] Server::EnsureServerProcessIsRunning -- launch failed, reason: Unity was launched with the -noUpm command-line argument
[Package Manager] UpmClient::Send -- Unable to send message (not connected to UPM process).
[Package Manager] Cannot connect to Unity Package Manager local server
Mono: successfully reloaded assembly
- Finished resetting the current domain, in  2.322 seconds
Domain Reload Profiling: 3201ms
	BeginReloadAssembly (308ms)
		ExecutionOrderSort (0ms)
		DisableScriptedObjects (21ms)
		BackupInstance (0ms)
		ReleaseScriptingObjects (0ms)
		CreateAndSetChildDomain (69ms)
	RebuildCommonClasses (59ms)
	RebuildNativeTypeToScriptingClass (21ms)
	initialDomainReloadingComplete (59ms)
	LoadAllAssembliesAndSetupDomain (431ms)
		LoadAssemblies (566ms)
		RebuildTransferFunctionScriptingTraits (0ms)
		AnalyzeDomain (26ms)
			TypeCache.Refresh (8ms)
				TypeCache.ScanAssembly (0ms)
			ScanForSourceGeneratedMonoScriptInfo (0ms)
			ResolveRequiredComponents (16ms)
	FinalizeReload (2323ms)
		ReleaseScriptCaches (0ms)
		RebuildScriptCaches (0ms)
		SetupLoadedEditorAssemblies (1335ms)
			LogAssemblyErrors (0ms)
			InitializePlatformSupportModulesInManaged (14ms)
			SetLoadedEditorAssemblies (5ms)
			RefreshPlugins (0ms)
			BeforeProcessingInitializeOnLoad (149ms)
			ProcessInitializeOnLoadAttributes (1075ms)
			ProcessInitializeOnLoadMethodAttributes (71ms)
			AfterProcessingInitializeOnLoad (19ms)
			EditorAssembliesLoaded (1ms)
		ExecutionOrderSort2 (0ms)
		AwakeInstancesAfterBackupRestoration (33ms)
Refreshing native plugins compatible for Editor in 8.73 ms, found 4 plugins.
Preloading 0 native plugins for Editor in 0.00 ms.
Unloading 4757 Unused Serialized files (Serialized files now loaded: 0)
Unloading 40 unused Assets / (109.0 KB). Loaded Objects now: 5266.
Memory consumption went from 154.9 MB to 154.8 MB.
Total: 6.834900 ms (FindLiveObjects: 0.455500 ms CreateObjectMapping: 0.249100 ms MarkObjects: 6.010300 ms  DeleteObjects: 0.117700 ms)

Prepare: number of updated asset objects reloaded= 0
AssetImportParameters requested are different than current active one (requested -> active):
  custom:container-demuxer-ogg: 62fdf1f143b41e24485cea50d1cbac27 -> 
  custom:video-decoder-ogg-theora: a1e56fd34408186e4bbccfd4996cb3dc -> 
  custom:framework-win-MediaFoundation: 216162199b28c13a410421893ffa2e32 -> 
  custom:CustomObjectIndexerAttribute: 9a22284fe3817be447336de3de66b15e -> 
  custom:container-demuxer-webm: 4f35f7cbe854078d1ac9338744f61a02 -> 
  custom:container-muxer-webm: aa71ff27fc2769a1b78a27578f13a17b -> 
  custom:video-decoder-webm-vp8: 9c59270c3fd7afecdb556c50c9e8de78 -> 
  custom:SearchIndexIgnoredProperties: e643bd26f0fe6173181afceb89e7c659 -> 
  custom:AudioImporter_EditorPlatform: d09bf68614088b80899f8185d706f6e7 -> 
  custom:video-encoder-webm-vp8: eb34c28f22e8b96e1ab97ce403110664 -> 
  custom:audio-decoder-ogg-vorbis: bf7c407c2cedff20999df2af8eb42d56 -> 
  custom:audio-encoder-webm-vorbis: bf7c407c2cedff20999df2af8eb42d56 -> 
========================================================================
Received Import Request.
  Time since last request: 119.371832 seconds.
  path: Assets/Scripts/AttackController.cs
  artifactKey: Guid(51f74c02bf5ba9c4ba6f10b3b1d9ed6e) Importer(815301076,1909f56bfc062723c751e8b465ee728b)
Start importing Assets/Scripts/AttackController.cs using Guid(51f74c02bf5ba9c4ba6f10b3b1d9ed6e) Importer(815301076,1909f56bfc062723c751e8b465ee728b)  -> (artifact id: '468a1fcbf75d98b3fcc1e95df0affded') in 0.003283 seconds
Number of updated asset objects reloaded before import = 0
Number of asset objects unloaded after import = 0
========================================================================
Received Import Request.
  Time since last request: 4.139198 seconds.
  path: Assets/Scripts/AnimationString.cs
  artifactKey: Guid(4cd57b56a0154cc4ab37562b6d64aa1b) Importer(815301076,1909f56bfc062723c751e8b465ee728b)
Start importing Assets/Scripts/AnimationString.cs using Guid(4cd57b56a0154cc4ab37562b6d64aa1b) Importer(815301076,1909f56bfc062723c751e8b465ee728b)  -> (artifact id: '40e80c3c51be9851abffac6796f9f9eb') in 0.000668 seconds
Number of updated asset objects reloaded before import = 0
Number of asset objects unloaded after import = 0
========================================================================
Received Import Request.
  Time since last request: 33.956122 seconds.
  path: Assets/Scripts/TouchingDirection.cs
  artifactKey: Guid(e050f5046225c8642a67b30886679585) Importer(815301076,1909f56bfc062723c751e8b465ee728b)
Start importing Assets/Scripts/TouchingDirection.cs using Guid(e050f5046225c8642a67b30886679585) Importer(815301076,1909f56bfc062723c751e8b465ee728b)  -> (artifact id: 'effc1a86cf0f72a7e899968f4dcd3c9f') in 0.000708 seconds
Number of updated asset objects reloaded before import = 0
Number of asset objects unloaded after import = 0
========================================================================
Received Import Request.
  Time since last request: 276.493339 seconds.
  path: Assets/Caracteres/personaje con espada
  artifactKey: Guid(c0dbda96e7e13be4eacd2de8f45fa18a) Importer(815301076,1909f56bfc062723c751e8b465ee728b)
Start importing Assets/Caracteres/personaje con espada using Guid(c0dbda96e7e13be4eacd2de8f45fa18a) Importer(815301076,1909f56bfc062723c751e8b465ee728b)  -> (artifact id: '7f5ef507c1a8a995aa5ce416a5ec87e9') in 0.001046 seconds
Number of updated asset objects reloaded before import = 0
Number of asset objects unloaded after import = 0
========================================================================
Received Import Request.
  Time since last request: 0.093297 seconds.
  path: Assets/Caracteres/personaje con espada/long-sword-attack_strip3.png
  artifactKey: Guid(3c4637d706a614c4d90823d2eec4e56c) Importer(815301076,1909f56bfc062723c751e8b465ee728b)
Start importing Assets/Caracteres/personaje con espada/long-sword-attack_strip3.png using Guid(3c4637d706a614c4d90823d2eec4e56c) Importer(815301076,1909f56bfc062723c751e8b465ee728b)  -> (artifact id: '767dc5747d97a7356255cdcc8c5e036f') in 0.502001 seconds
Number of updated asset objects reloaded before import = 0
Number of asset objects unloaded after import = 3
========================================================================
Received Import Request.
  Time since last request: 7.577879 seconds.
  path: Assets/Caracteres/personaje con espada/Materials
  artifactKey: Guid(2319ae46b548e5d4ba1b01948422e6a6) Importer(815301076,1909f56bfc062723c751e8b465ee728b)
Start importing Assets/Caracteres/personaje con espada/Materials using Guid(2319ae46b548e5d4ba1b01948422e6a6) Importer(815301076,1909f56bfc062723c751e8b465ee728b)  -> (artifact id: '5b3bc4083d09cd0a9d7618bf8acb6dde') in 0.000708 seconds
Number of updated asset objects reloaded before import = 0
Number of asset objects unloaded after import = 0
========================================================================
Received Import Request.
  Time since last request: 0.056643 seconds.
  path: Assets/Caracteres/personaje con espada/Materials/long-sword-walk_strip4.mat
  artifactKey: Guid(7dea98ad68651ac4996feccea558bdcd) Importer(815301076,1909f56bfc062723c751e8b465ee728b)
Start importing Assets/Caracteres/personaje con espada/Materials/long-sword-walk_strip4.mat using Guid(7dea98ad68651ac4996feccea558bdcd) Importer(815301076,1909f56bfc062723c751e8b465ee728b)  -> (artifact id: 'c69eb564fcbeab21cb093f4ef9f50b7b') in 0.147877 seconds
Number of updated asset objects reloaded before import = 0
Number of asset objects unloaded after import = 2
========================================================================
Received Import Request.
  Time since last request: 258.145831 seconds.
  path: Assets/Caracteres/Jugador/Knight
  artifactKey: Guid(07b12b7ad33051545b5dbc5db5a55044) Importer(815301076,1909f56bfc062723c751e8b465ee728b)
Start importing Assets/Caracteres/Jugador/Knight using Guid(07b12b7ad33051545b5dbc5db5a55044) Importer(815301076,1909f56bfc062723c751e8b465ee728b)  -> (artifact id: '4dc2a452601e7297dfc1d0d6de71aff7') in 0.000751 seconds
Number of updated asset objects reloaded before import = 0
Number of asset objects unloaded after import = 0
========================================================================
Received Import Request.
  Time since last request: 3.508435 seconds.
  path: Assets/Caracteres/Jugador/Knight/Knight.prefab
  artifactKey: Guid(16c1dbb30b058df4fa42cfd3c05f6705) Importer(815301076,1909f56bfc062723c751e8b465ee728b)
Start importing Assets/Caracteres/Jugador/Knight/Knight.prefab using Guid(16c1dbb30b058df4fa42cfd3c05f6705) Importer(815301076,1909f56bfc062723c751e8b465ee728b)  -> (artifact id: '28df94013b19f6f83ce9ea3ffe91e932') in 0.054092 seconds
Number of updated asset objects reloaded before import = 0
Number of asset objects unloaded after import = 12
========================================================================
Received Import Request.
  Time since last request: 47.581854 seconds.
  path: Assets/Caracteres/Jugador/Knight/Knight.prefab
  artifactKey: Guid(16c1dbb30b058df4fa42cfd3c05f6705) Importer(815301076,1909f56bfc062723c751e8b465ee728b)
Start importing Assets/Caracteres/Jugador/Knight/Knight.prefab using Guid(16c1dbb30b058df4fa42cfd3c05f6705) Importer(815301076,1909f56bfc062723c751e8b465ee728b)  -> (artifact id: '3861949c29e3a182be7db7b01b918bff') in 0.026539 seconds
Number of updated asset objects reloaded before import = 0
Number of asset objects unloaded after import = 14
========================================================================
Received Import Request.
  Time since last request: 494.585849 seconds.
  path: Assets/Manager/UIManager.prefab
  artifactKey: Guid(5ed129807d2c02445a886c04519df4dd) Importer(815301076,1909f56bfc062723c751e8b465ee728b)
Start importing Assets/Manager/UIManager.prefab using Guid(5ed129807d2c02445a886c04519df4dd) Importer(815301076,1909f56bfc062723c751e8b465ee728b)  -> (artifact id: 'c113a25b0c001d72c897eef4ec1813e9') in 0.060004 seconds
Number of updated asset objects reloaded before import = 0
Number of asset objects unloaded after import = 22
========================================================================
Received Import Request.
  Time since last request: 325.707169 seconds.
  path: Assets/Caracteres/Jugador/Knight/Knight.prefab
  artifactKey: Guid(16c1dbb30b058df4fa42cfd3c05f6705) Importer(815301076,1909f56bfc062723c751e8b465ee728b)
Start importing Assets/Caracteres/Jugador/Knight/Knight.prefab using Guid(16c1dbb30b058df4fa42cfd3c05f6705) Importer(815301076,1909f56bfc062723c751e8b465ee728b)  -> (artifact id: '50b9dfb0b8421f70046554ea5dafe69e') in 0.019229 seconds
Number of updated asset objects reloaded before import = 0
Number of asset objects unloaded after import = 15
========================================================================
Received Import Request.
  Time since last request: 1.949292 seconds.
  path: Assets/Caracteres/Jugador/Elementals_fire_knight_FREE_v1.1/aseprite/Caballero de fuego 1.prefab
  artifactKey: Guid(a85a186db187123448361feace24ce53) Importer(815301076,1909f56bfc062723c751e8b465ee728b)
Start importing Assets/Caracteres/Jugador/Elementals_fire_knight_FREE_v1.1/aseprite/Caballero de fuego 1.prefab using Guid(a85a186db187123448361feace24ce53) Importer(815301076,1909f56bfc062723c751e8b465ee728b)  -> (artifact id: '669689df7778c37b8b8d2fe140ae4822') in 0.472368 seconds
Number of updated asset objects reloaded before import = 0
Number of asset objects unloaded after import = 341
========================================================================
Received Import Request.
  Time since last request: 0.000028 seconds.
  path: Assets/Caracteres/Jugador/Elementals_fire_knight_FREE_v1.1/aseprite/fire_FREE_v1.1.aseprite
  artifactKey: Guid(df504b41ce85a1a4cb0dd1a4c730f861) Importer(815301076,1909f56bfc062723c751e8b465ee728b)
Start importing Assets/Caracteres/Jugador/Elementals_fire_knight_FREE_v1.1/aseprite/fire_FREE_v1.1.aseprite using Guid(df504b41ce85a1a4cb0dd1a4c730f861) Importer(815301076,1909f56bfc062723c751e8b465ee728b)  -> (artifact id: '9fe3d4d10d73b540c3886d0fc35f02f2') in 0.871433 seconds
Number of updated asset objects reloaded before import = 0
Number of asset objects unloaded after import = 219
========================================================================
Received Import Request.
  Time since last request: 752.976024 seconds.
  path: Assets/Caracteres/Jugador/Elementals_fire_knight_FREE_v1.1/aseprite/Caballero de fuego 1.prefab
  artifactKey: Guid(a85a186db187123448361feace24ce53) Importer(815301076,1909f56bfc062723c751e8b465ee728b)
Start importing Assets/Caracteres/Jugador/Elementals_fire_knight_FREE_v1.1/aseprite/Caballero de fuego 1.prefab using Guid(a85a186db187123448361feace24ce53) Importer(815301076,1909f56bfc062723c751e8b465ee728b)  -> (artifact id: '8f5e71c35b10d0c9ac21fc8c21b940d7') in 0.095276 seconds
Number of updated asset objects reloaded before import = 0
Number of asset objects unloaded after import = 341
========================================================================
Received Import Request.
  Time since last request: 0.000029 seconds.
  path: Assets/Caracteres/Jugador/Elementals_fire_knight_FREE_v1.1/aseprite/fire_FREE_v1.1.aseprite
  artifactKey: Guid(df504b41ce85a1a4cb0dd1a4c730f861) Importer(815301076,1909f56bfc062723c751e8b465ee728b)
Start importing Assets/Caracteres/Jugador/Elementals_fire_knight_FREE_v1.1/aseprite/fire_FREE_v1.1.aseprite using Guid(df504b41ce85a1a4cb0dd1a4c730f861) Importer(815301076,1909f56bfc062723c751e8b465ee728b)  -> (artifact id: '71908970c273c22a40f00f5f15a314ab') in 1.020081 seconds
Number of updated asset objects reloaded before import = 0
Number of asset objects unloaded after import = 219
========================================================================
Received Import Request.
  Time since last request: 34.820010 seconds.
  path: Assets/Caracteres/Jugador/Elementals_fire_knight_FREE_v1.1/aseprite/Caballero de fuego 1.prefab
  artifactKey: Guid(a85a186db187123448361feace24ce53) Importer(815301076,1909f56bfc062723c751e8b465ee728b)
Start importing Assets/Caracteres/Jugador/Elementals_fire_knight_FREE_v1.1/aseprite/Caballero de fuego 1.prefab using Guid(a85a186db187123448361feace24ce53) Importer(815301076,1909f56bfc062723c751e8b465ee728b)  -> (artifact id: 'c3ad1d426b6c2215847a995576376dbc') in 0.067316 seconds
Number of updated asset objects reloaded before import = 0
Number of asset objects unloaded after import = 341
========================================================================
Received Prepare
Begin MonoManager ReloadAssembly
- Loaded All Assemblies, in  1.652 seconds
Refreshing native plugins compatible for Editor in 8.59 ms, found 4 plugins.
Native extension for WindowsStandalone target not found
[Package Manager] Server::EnsureServerProcessIsRunning -- launch failed, reason: Unity was launched with the -noUpm command-line argument
[Package Manager] UpmClient::Send -- Unable to send message (not connected to UPM process).
[Package Manager] Cannot connect to Unity Package Manager local server
Mono: successfully reloaded assembly
- Finished resetting the current domain, in 23.640 seconds
Domain Reload Profiling: 25286ms
	BeginReloadAssembly (351ms)
		ExecutionOrderSort (0ms)
		DisableScriptedObjects (20ms)
		BackupInstance (0ms)
		ReleaseScriptingObjects (0ms)
		CreateAndSetChildDomain (67ms)
	RebuildCommonClasses (57ms)
	RebuildNativeTypeToScriptingClass (18ms)
	initialDomainReloadingComplete (54ms)
	LoadAllAssembliesAndSetupDomain (1166ms)
		LoadAssemblies (1349ms)
		RebuildTransferFunctionScriptingTraits (0ms)
		AnalyzeDomain (35ms)
			TypeCache.Refresh (9ms)
				TypeCache.ScanAssembly (0ms)
			ScanForSourceGeneratedMonoScriptInfo (0ms)
			ResolveRequiredComponents (25ms)
	FinalizeReload (23640ms)
		ReleaseScriptCaches (0ms)
		RebuildScriptCaches (0ms)
		SetupLoadedEditorAssemblies (1257ms)
			LogAssemblyErrors (0ms)
			InitializePlatformSupportModulesInManaged (15ms)
			SetLoadedEditorAssemblies (8ms)
			RefreshPlugins (0ms)
			BeforeProcessingInitializeOnLoad (132ms)
			ProcessInitializeOnLoadAttributes (1014ms)
			ProcessInitializeOnLoadMethodAttributes (70ms)
			AfterProcessingInitializeOnLoad (17ms)
			EditorAssembliesLoaded (1ms)
		ExecutionOrderSort2 (0ms)
		AwakeInstancesAfterBackupRestoration (29ms)
Refreshing native plugins compatible for Editor in 10.39 ms, found 4 plugins.
Preloading 0 native plugins for Editor in 0.00 ms.
Unloading 4757 Unused Serialized files (Serialized files now loaded: 0)
Unloading 40 unused Assets / (108.3 KB). Loaded Objects now: 5499.
Memory consumption went from 160.3 MB to 160.2 MB.
Total: 7.605000 ms (FindLiveObjects: 0.605800 ms CreateObjectMapping: 0.615000 ms MarkObjects: 6.200100 ms  DeleteObjects: 0.182100 ms)

Prepare: number of updated asset objects reloaded= 0
AssetImportParameters requested are different than current active one (requested -> active):
  custom:container-demuxer-ogg: 62fdf1f143b41e24485cea50d1cbac27 -> 
  custom:video-decoder-ogg-theora: a1e56fd34408186e4bbccfd4996cb3dc -> 
  custom:framework-win-MediaFoundation: 216162199b28c13a410421893ffa2e32 -> 
  custom:CustomObjectIndexerAttribute: 9a22284fe3817be447336de3de66b15e -> 
  custom:container-demuxer-webm: 4f35f7cbe854078d1ac9338744f61a02 -> 
  custom:container-muxer-webm: aa71ff27fc2769a1b78a27578f13a17b -> 
  custom:video-decoder-webm-vp8: 9c59270c3fd7afecdb556c50c9e8de78 -> 
  custom:SearchIndexIgnoredProperties: e643bd26f0fe6173181afceb89e7c659 -> 
  custom:AudioImporter_EditorPlatform: d09bf68614088b80899f8185d706f6e7 -> 
  custom:video-encoder-webm-vp8: eb34c28f22e8b96e1ab97ce403110664 -> 
  custom:audio-decoder-ogg-vorbis: bf7c407c2cedff20999df2af8eb42d56 -> 
  custom:audio-encoder-webm-vorbis: bf7c407c2cedff20999df2af8eb42d56 -> 
